2015/11/19 01:31:48 [error] [exception.CHttpException.404] exception 'CHttpException' with message 'Unable to resolve the request "user".' in C:\xampp\htdocs\yii\framework\web\CWebApplication.php:286
Stack trace:
#0 C:\xampp\htdocs\yii\framework\web\CWebApplication.php(141): CWebApplication->runController('user')
#1 C:\xampp\htdocs\yii\framework\base\CApplication.php(184): CWebApplication->processRequest()
#2 C:\xampp\htdocs\rockstar\index.php(13): CApplication->run()
#3 {main}
REQUEST_URI=/rockstar/index.php/?r=user
---
2015/11/19 01:32:02 [error] [exception.CHttpException.404] exception 'CHttpException' with message 'Unable to resolve the request "user".' in C:\xampp\htdocs\yii\framework\web\CWebApplication.php:286
Stack trace:
#0 C:\xampp\htdocs\yii\framework\web\CWebApplication.php(141): CWebApplication->runController('user')
#1 C:\xampp\htdocs\yii\framework\base\CApplication.php(184): CWebApplication->processRequest()
#2 C:\xampp\htdocs\rockstar\index.php(13): CApplication->run()
#3 {main}
REQUEST_URI=/rockstar/index.php/?r=user
---
2015/11/19 09:21:23 [error] [exception.CHttpException.404] exception 'CHttpException' with message 'Unable to resolve the request "gii".' in C:\xampp\htdocs\yii\framework\web\CWebApplication.php:286
Stack trace:
#0 C:\xampp\htdocs\yii\framework\web\CWebApplication.php(141): CWebApplication->runController('gii')
#1 C:\xampp\htdocs\yii\framework\base\CApplication.php(184): CWebApplication->processRequest()
#2 C:\xampp\htdocs\rockstar\index.php(13): CApplication->run()
#3 {main}
REQUEST_URI=/rockstar/index.php?r=gii
---
2015/11/19 09:21:25 [error] [exception.CHttpException.404] exception 'CHttpException' with message 'Unable to resolve the request "gii".' in C:\xampp\htdocs\yii\framework\web\CWebApplication.php:286
Stack trace:
#0 C:\xampp\htdocs\yii\framework\web\CWebApplication.php(141): CWebApplication->runController('gii')
#1 C:\xampp\htdocs\yii\framework\base\CApplication.php(184): CWebApplication->processRequest()
#2 C:\xampp\htdocs\rockstar\index.php(13): CApplication->run()
#3 {main}
REQUEST_URI=/rockstar/index.php?r=gii
---
2015/11/19 09:25:03 [error] [exception.CHttpException.404] exception 'CHttpException' with message 'Unable to find the code you requested.' in C:\xampp\htdocs\yii\framework\gii\CCodeGenerator.php:90
Stack trace:
#0 C:\xampp\htdocs\yii\framework\web\actions\CInlineAction.php(49): CCodeGenerator->actionCode()
#1 C:\xampp\htdocs\yii\framework\web\CController.php(308): CInlineAction->runWithParams(Array)
#2 C:\xampp\htdocs\yii\framework\web\CController.php(286): CController->runAction(Object(CInlineAction))
#3 C:\xampp\htdocs\yii\framework\web\CController.php(265): CController->runActionWithFilters(Object(CInlineAction), Array)
#4 C:\xampp\htdocs\yii\framework\web\CWebApplication.php(282): CController->run('code')
#5 C:\xampp\htdocs\yii\framework\web\CWebApplication.php(141): CWebApplication->runController('gii/model/code')
#6 C:\xampp\htdocs\yii\framework\base\CApplication.php(184): CWebApplication->processRequest()
#7 C:\xampp\htdocs\rockstar\index.php(13): CApplication->run()
#8 {main}
REQUEST_URI=/rockstar/index.php?r=gii/model/code&id=0
HTTP_REFERER=http://localhost/rockstar/index.php?r=gii/model/index
---
2015/11/20 10:52:25 [error] [php] Undefined variable: model (C:\xampp\htdocs\rockstar\protected\views\site\login.php:28)
Stack trace:
#0 C:\xampp\htdocs\yii\framework\web\CController.php(869): SiteController->renderFile()
#1 C:\xampp\htdocs\yii\framework\web\CController.php(782): SiteController->renderPartial()
#2 C:\xampp\htdocs\rockstar\protected\controllers\SiteController.php(32): SiteController->render()
#3 C:\xampp\htdocs\yii\framework\web\actions\CInlineAction.php(49): SiteController->actionIndex()
#4 C:\xampp\htdocs\yii\framework\web\CController.php(308): CInlineAction->runWithParams()
#5 C:\xampp\htdocs\yii\framework\web\CController.php(286): SiteController->runAction()
#6 C:\xampp\htdocs\yii\framework\web\CController.php(265): SiteController->runActionWithFilters()
#7 C:\xampp\htdocs\yii\framework\web\CWebApplication.php(282): SiteController->run()
#8 C:\xampp\htdocs\yii\framework\web\CWebApplication.php(141): CWebApplication->runController()
#9 C:\xampp\htdocs\yii\framework\base\CApplication.php(184): CWebApplication->processRequest()
#10 C:\xampp\htdocs\rockstar\index.php(13): CWebApplication->run()
REQUEST_URI=/rockstar/
in C:\xampp\htdocs\rockstar\protected\views\site\login.php (28)
in C:\xampp\htdocs\rockstar\protected\controllers\SiteController.php (32)
in C:\xampp\htdocs\rockstar\index.php (13)
2015/11/20 10:53:05 [error] [php] Undefined variable: model (C:\xampp\htdocs\rockstar\protected\views\site\contact.php:38)
Stack trace:
#0 C:\xampp\htdocs\yii\framework\web\CController.php(869): SiteController->renderFile()
#1 C:\xampp\htdocs\yii\framework\web\CController.php(782): SiteController->renderPartial()
#2 C:\xampp\htdocs\rockstar\protected\controllers\SiteController.php(32): SiteController->render()
#3 C:\xampp\htdocs\yii\framework\web\actions\CInlineAction.php(49): SiteController->actionIndex()
#4 C:\xampp\htdocs\yii\framework\web\CController.php(308): CInlineAction->runWithParams()
#5 C:\xampp\htdocs\yii\framework\web\CController.php(286): SiteController->runAction()
#6 C:\xampp\htdocs\yii\framework\web\CController.php(265): SiteController->runActionWithFilters()
#7 C:\xampp\htdocs\yii\framework\web\CWebApplication.php(282): SiteController->run()
#8 C:\xampp\htdocs\yii\framework\web\CWebApplication.php(141): CWebApplication->runController()
#9 C:\xampp\htdocs\yii\framework\base\CApplication.php(184): CWebApplication->processRequest()
#10 C:\xampp\htdocs\rockstar\index.php(13): CWebApplication->run()
REQUEST_URI=/rockstar/
in C:\xampp\htdocs\rockstar\protected\views\site\contact.php (38)
in C:\xampp\htdocs\rockstar\protected\controllers\SiteController.php (32)
in C:\xampp\htdocs\rockstar\index.php (13)
2015/11/20 10:53:34 [error] [php] Undefined variable: model (C:\xampp\htdocs\rockstar\protected\views\site\contact.php:38)
Stack trace:
#0 C:\xampp\htdocs\yii\framework\web\CController.php(869): SiteController->renderFile()
#1 C:\xampp\htdocs\yii\framework\web\CController.php(782): SiteController->renderPartial()
#2 C:\xampp\htdocs\rockstar\protected\controllers\SiteController.php(32): SiteController->render()
#3 C:\xampp\htdocs\yii\framework\web\actions\CInlineAction.php(49): SiteController->actionIndex()
#4 C:\xampp\htdocs\yii\framework\web\CController.php(308): CInlineAction->runWithParams()
#5 C:\xampp\htdocs\yii\framework\web\CController.php(286): SiteController->runAction()
#6 C:\xampp\htdocs\yii\framework\web\CController.php(265): SiteController->runActionWithFilters()
#7 C:\xampp\htdocs\yii\framework\web\CWebApplication.php(282): SiteController->run()
#8 C:\xampp\htdocs\yii\framework\web\CWebApplication.php(141): CWebApplication->runController()
#9 C:\xampp\htdocs\yii\framework\base\CApplication.php(184): CWebApplication->processRequest()
#10 C:\xampp\htdocs\rockstar\index.php(13): CWebApplication->run()
REQUEST_URI=/rockstar/
in C:\xampp\htdocs\rockstar\protected\views\site\contact.php (38)
in C:\xampp\htdocs\rockstar\protected\controllers\SiteController.php (32)
in C:\xampp\htdocs\rockstar\index.php (13)
2015/11/20 10:57:16 [error] [exception.CException] exception 'CException' with message 'SiteController cannot find the requested view "tblUser/index".' in C:\xampp\htdocs\yii\framework\web\CController.php:878
Stack trace:
#0 C:\xampp\htdocs\yii\framework\web\CController.php(782): CController->renderPartial('tblUser/index', NULL, true)
#1 C:\xampp\htdocs\rockstar\protected\controllers\SiteController.php(32): CController->render('tblUser/index')
#2 C:\xampp\htdocs\yii\framework\web\actions\CInlineAction.php(49): SiteController->actionIndex()
#3 C:\xampp\htdocs\yii\framework\web\CController.php(308): CInlineAction->runWithParams(Array)
#4 C:\xampp\htdocs\yii\framework\web\CController.php(286): CController->runAction(Object(CInlineAction))
#5 C:\xampp\htdocs\yii\framework\web\CController.php(265): CController->runActionWithFilters(Object(CInlineAction), Array)
#6 C:\xampp\htdocs\yii\framework\web\CWebApplication.php(282): CController->run('index')
#7 C:\xampp\htdocs\yii\framework\web\CWebApplication.php(141): CWebApplication->runController('')
#8 C:\xampp\htdocs\yii\framework\base\CApplication.php(184): CWebApplication->processRequest()
#9 C:\xampp\htdocs\rockstar\index.php(13): CApplication->run()
#10 {main}
REQUEST_URI=/rockstar/
---
2015/11/20 10:57:31 [error] [php] Undefined variable: dataProvider (C:\xampp\htdocs\rockstar\protected\views\tblUser\index.php:18)
Stack trace:
#0 C:\xampp\htdocs\yii\framework\web\CController.php(869): SiteController->renderFile()
#1 C:\xampp\htdocs\yii\framework\web\CController.php(782): SiteController->renderPartial()
#2 C:\xampp\htdocs\rockstar\protected\controllers\SiteController.php(32): SiteController->render()
#3 C:\xampp\htdocs\yii\framework\web\actions\CInlineAction.php(49): SiteController->actionIndex()
#4 C:\xampp\htdocs\yii\framework\web\CController.php(308): CInlineAction->runWithParams()
#5 C:\xampp\htdocs\yii\framework\web\CController.php(286): SiteController->runAction()
#6 C:\xampp\htdocs\yii\framework\web\CController.php(265): SiteController->runActionWithFilters()
#7 C:\xampp\htdocs\yii\framework\web\CWebApplication.php(282): SiteController->run()
#8 C:\xampp\htdocs\yii\framework\web\CWebApplication.php(141): CWebApplication->runController()
#9 C:\xampp\htdocs\yii\framework\base\CApplication.php(184): CWebApplication->processRequest()
#10 C:\xampp\htdocs\rockstar\index.php(13): CWebApplication->run()
REQUEST_URI=/rockstar/
in C:\xampp\htdocs\rockstar\protected\views\tblUser\index.php (18)
in C:\xampp\htdocs\rockstar\protected\controllers\SiteController.php (32)
in C:\xampp\htdocs\rockstar\index.php (13)
2015/11/20 10:57:35 [error] [php] Undefined variable: dataProvider (C:\xampp\htdocs\rockstar\protected\views\tblUser\index.php:18)
Stack trace:
#0 C:\xampp\htdocs\yii\framework\web\CController.php(869): SiteController->renderFile()
#1 C:\xampp\htdocs\yii\framework\web\CController.php(782): SiteController->renderPartial()
#2 C:\xampp\htdocs\rockstar\protected\controllers\SiteController.php(32): SiteController->render()
#3 C:\xampp\htdocs\yii\framework\web\actions\CInlineAction.php(49): SiteController->actionIndex()
#4 C:\xampp\htdocs\yii\framework\web\CController.php(308): CInlineAction->runWithParams()
#5 C:\xampp\htdocs\yii\framework\web\CController.php(286): SiteController->runAction()
#6 C:\xampp\htdocs\yii\framework\web\CController.php(265): SiteController->runActionWithFilters()
#7 C:\xampp\htdocs\yii\framework\web\CWebApplication.php(282): SiteController->run()
#8 C:\xampp\htdocs\yii\framework\web\CWebApplication.php(141): CWebApplication->runController()
#9 C:\xampp\htdocs\yii\framework\base\CApplication.php(184): CWebApplication->processRequest()
#10 C:\xampp\htdocs\rockstar\index.php(13): CWebApplication->run()
REQUEST_URI=/rockstar/
in C:\xampp\htdocs\rockstar\protected\views\tblUser\index.php (18)
in C:\xampp\htdocs\rockstar\protected\controllers\SiteController.php (32)
in C:\xampp\htdocs\rockstar\index.php (13)
2015/11/20 10:57:37 [error] [exception.CException] exception 'CException' with message 'SiteController cannot find the requested view "./tblUser/index".' in C:\xampp\htdocs\yii\framework\web\CController.php:878
Stack trace:
#0 C:\xampp\htdocs\yii\framework\web\CController.php(782): CController->renderPartial('./tblUser/index', NULL, true)
#1 C:\xampp\htdocs\rockstar\protected\controllers\SiteController.php(32): CController->render('./tblUser/index')
#2 C:\xampp\htdocs\yii\framework\web\actions\CInlineAction.php(49): SiteController->actionIndex()
#3 C:\xampp\htdocs\yii\framework\web\CController.php(308): CInlineAction->runWithParams(Array)
#4 C:\xampp\htdocs\yii\framework\web\CController.php(286): CController->runAction(Object(CInlineAction))
#5 C:\xampp\htdocs\yii\framework\web\CController.php(265): CController->runActionWithFilters(Object(CInlineAction), Array)
#6 C:\xampp\htdocs\yii\framework\web\CWebApplication.php(282): CController->run('index')
#7 C:\xampp\htdocs\yii\framework\web\CWebApplication.php(141): CWebApplication->runController('')
#8 C:\xampp\htdocs\yii\framework\base\CApplication.php(184): CWebApplication->processRequest()
#9 C:\xampp\htdocs\rockstar\index.php(13): CApplication->run()
#10 {main}
REQUEST_URI=/rockstar/
---
2015/11/20 11:04:20 [error] [exception.CHttpException.404] exception 'CHttpException' with message 'The system is unable to find the requested action "ba".' in C:\xampp\htdocs\yii\framework\web\CController.php:483
Stack trace:
#0 C:\xampp\htdocs\yii\framework\web\CController.php(270): CController->missingAction('ba')
#1 C:\xampp\htdocs\yii\framework\web\CWebApplication.php(282): CController->run('ba')
#2 C:\xampp\htdocs\yii\framework\web\CWebApplication.php(141): CWebApplication->runController('')
#3 C:\xampp\htdocs\yii\framework\base\CApplication.php(184): CWebApplication->processRequest()
#4 C:\xampp\htdocs\rockstar\index.php(13): CApplication->run()
#5 {main}
REQUEST_URI=/rockstar/
---
2015/11/20 11:05:09 [error] [exception.CHttpException.404] exception 'CHttpException' with message 'Unable to resolve the request "baaa".' in C:\xampp\htdocs\yii\framework\web\CWebApplication.php:286
Stack trace:
#0 C:\xampp\htdocs\yii\framework\web\CWebApplication.php(141): CWebApplication->runController('')
#1 C:\xampp\htdocs\yii\framework\base\CApplication.php(184): CWebApplication->processRequest()
#2 C:\xampp\htdocs\rockstar\index.php(13): CApplication->run()
#3 {main}
REQUEST_URI=/rockstar/
---
2015/11/20 11:06:48 [error] [exception.CHttpException.404] exception 'CHttpException' with message 'The system is unable to find the requested action "ba".' in C:\xampp\htdocs\yii\framework\web\CController.php:483
Stack trace:
#0 C:\xampp\htdocs\yii\framework\web\CController.php(270): CController->missingAction('ba')
#1 C:\xampp\htdocs\yii\framework\web\CWebApplication.php(282): CController->run('ba')
#2 C:\xampp\htdocs\yii\framework\web\CWebApplication.php(141): CWebApplication->runController('')
#3 C:\xampp\htdocs\yii\framework\base\CApplication.php(184): CWebApplication->processRequest()
#4 C:\xampp\htdocs\rockstar\index.php(13): CApplication->run()
#5 {main}
REQUEST_URI=/rockstar/
---
2015/11/20 11:06:53 [error] [exception.CHttpException.404] exception 'CHttpException' with message 'The system is unable to find the requested action "ba".' in C:\xampp\htdocs\yii\framework\web\CController.php:483
Stack trace:
#0 C:\xampp\htdocs\yii\framework\web\CController.php(270): CController->missingAction('ba')
#1 C:\xampp\htdocs\yii\framework\web\CWebApplication.php(282): CController->run('ba')
#2 C:\xampp\htdocs\yii\framework\web\CWebApplication.php(141): CWebApplication->runController('')
#3 C:\xampp\htdocs\yii\framework\base\CApplication.php(184): CWebApplication->processRequest()
#4 C:\xampp\htdocs\rockstar\index.php(13): CApplication->run()
#5 {main}
REQUEST_URI=/rockstar/
---
2015/11/20 11:17:08 [error] [exception.CException] exception 'CException' with message 'SiteController cannot find the requested view "test/baaa".' in C:\xampp\htdocs\yii\framework\web\CController.php:878
Stack trace:
#0 C:\xampp\htdocs\yii\framework\web\CController.php(782): CController->renderPartial('test/baaa', Array, true)
#1 C:\xampp\htdocs\rockstar\protected\controllers\SiteController.php(40): CController->render('test/baaa', Array)
#2 C:\xampp\htdocs\yii\framework\web\actions\CInlineAction.php(49): SiteController->ActionBa()
#3 C:\xampp\htdocs\yii\framework\web\CController.php(308): CInlineAction->runWithParams(Array)
#4 C:\xampp\htdocs\yii\framework\web\CController.php(286): CController->runAction(Object(CInlineAction))
#5 C:\xampp\htdocs\yii\framework\web\CController.php(265): CController->runActionWithFilters(Object(CInlineAction), Array)
#6 C:\xampp\htdocs\yii\framework\web\CWebApplication.php(282): CController->run('ba')
#7 C:\xampp\htdocs\yii\framework\web\CWebApplication.php(141): CWebApplication->runController('site/ba')
#8 C:\xampp\htdocs\yii\framework\base\CApplication.php(184): CWebApplication->processRequest()
#9 C:\xampp\htdocs\rockstar\index.php(13): CApplication->run()
#10 {main}
REQUEST_URI=/rockstar/index.php?r=site/ba
---
2015/11/20 11:17:31 [error] [exception.CException] exception 'CException' with message 'SiteController cannot find the requested view "test/baaa".' in C:\xampp\htdocs\yii\framework\web\CController.php:878
Stack trace:
#0 C:\xampp\htdocs\yii\framework\web\CController.php(782): CController->renderPartial('test/baaa', Array, true)
#1 C:\xampp\htdocs\rockstar\protected\controllers\SiteController.php(40): CController->render('test/baaa', Array)
#2 C:\xampp\htdocs\yii\framework\web\actions\CInlineAction.php(49): SiteController->ActionBa()
#3 C:\xampp\htdocs\yii\framework\web\CController.php(308): CInlineAction->runWithParams(Array)
#4 C:\xampp\htdocs\yii\framework\web\CController.php(286): CController->runAction(Object(CInlineAction))
#5 C:\xampp\htdocs\yii\framework\web\CController.php(265): CController->runActionWithFilters(Object(CInlineAction), Array)
#6 C:\xampp\htdocs\yii\framework\web\CWebApplication.php(282): CController->run('ba')
#7 C:\xampp\htdocs\yii\framework\web\CWebApplication.php(141): CWebApplication->runController('site/ba')
#8 C:\xampp\htdocs\yii\framework\base\CApplication.php(184): CWebApplication->processRequest()
#9 C:\xampp\htdocs\rockstar\index.php(13): CApplication->run()
#10 {main}
REQUEST_URI=/rockstar/index.php?r=site/ba
---
2015/11/20 11:18:04 [error] [exception.CHttpException.404] exception 'CHttpException' with message 'The system is unable to find the requested action "about".' in C:\xampp\htdocs\yii\framework\web\CController.php:483
Stack trace:
#0 C:\xampp\htdocs\yii\framework\web\CController.php(270): CController->missingAction('about')
#1 C:\xampp\htdocs\yii\framework\web\CWebApplication.php(282): CController->run('about')
#2 C:\xampp\htdocs\yii\framework\web\CWebApplication.php(141): CWebApplication->runController('site/about')
#3 C:\xampp\htdocs\yii\framework\base\CApplication.php(184): CWebApplication->processRequest()
#4 C:\xampp\htdocs\rockstar\index.php(13): CApplication->run()
#5 {main}
REQUEST_URI=/rockstar/index.php?r=site/about
---
2015/11/20 11:18:12 [error] [exception.CException] exception 'CException' with message 'SiteController cannot find the requested view "test/baaa".' in C:\xampp\htdocs\yii\framework\web\CController.php:878
Stack trace:
#0 C:\xampp\htdocs\yii\framework\web\CController.php(782): CController->renderPartial('test/baaa', Array, true)
#1 C:\xampp\htdocs\rockstar\protected\controllers\SiteController.php(40): CController->render('test/baaa', Array)
#2 C:\xampp\htdocs\yii\framework\web\actions\CInlineAction.php(49): SiteController->ActionBa()
#3 C:\xampp\htdocs\yii\framework\web\CController.php(308): CInlineAction->runWithParams(Array)
#4 C:\xampp\htdocs\yii\framework\web\CController.php(286): CController->runAction(Object(CInlineAction))
#5 C:\xampp\htdocs\yii\framework\web\CController.php(265): CController->runActionWithFilters(Object(CInlineAction), Array)
#6 C:\xampp\htdocs\yii\framework\web\CWebApplication.php(282): CController->run('ba')
#7 C:\xampp\htdocs\yii\framework\web\CWebApplication.php(141): CWebApplication->runController('site/ba')
#8 C:\xampp\htdocs\yii\framework\base\CApplication.php(184): CWebApplication->processRequest()
#9 C:\xampp\htdocs\rockstar\index.php(13): CApplication->run()
#10 {main}
REQUEST_URI=/rockstar/index.php?r=site/ba
---
2015/11/20 11:18:55 [error] [exception.CException] exception 'CException' with message 'SiteController cannot find the requested view "test/baaa".' in C:\xampp\htdocs\yii\framework\web\CController.php:878
Stack trace:
#0 C:\xampp\htdocs\yii\framework\web\CController.php(782): CController->renderPartial('test/baaa', Array, true)
#1 C:\xampp\htdocs\rockstar\protected\controllers\SiteController.php(40): CController->render('test/baaa', Array)
#2 C:\xampp\htdocs\yii\framework\web\actions\CInlineAction.php(49): SiteController->ActionBa()
#3 C:\xampp\htdocs\yii\framework\web\CController.php(308): CInlineAction->runWithParams(Array)
#4 C:\xampp\htdocs\yii\framework\web\CController.php(286): CController->runAction(Object(CInlineAction))
#5 C:\xampp\htdocs\yii\framework\web\CController.php(265): CController->runActionWithFilters(Object(CInlineAction), Array)
#6 C:\xampp\htdocs\yii\framework\web\CWebApplication.php(282): CController->run('ba')
#7 C:\xampp\htdocs\yii\framework\web\CWebApplication.php(141): CWebApplication->runController('site/ba')
#8 C:\xampp\htdocs\yii\framework\base\CApplication.php(184): CWebApplication->processRequest()
#9 C:\xampp\htdocs\rockstar\index.php(13): CApplication->run()
#10 {main}
REQUEST_URI=/rockstar/index.php?r=site/ba
---
2015/11/20 11:26:06 [error] [exception.CHttpException.404] exception 'CHttpException' with message 'Unable to resolve the request "na".' in C:\xampp\htdocs\yii\framework\web\CWebApplication.php:286
Stack trace:
#0 C:\xampp\htdocs\yii\framework\web\CWebApplication.php(141): CWebApplication->runController('na')
#1 C:\xampp\htdocs\yii\framework\base\CApplication.php(184): CWebApplication->processRequest()
#2 C:\xampp\htdocs\rockstar\index.php(13): CApplication->run()
#3 {main}
REQUEST_URI=/rockstar/index.php?r=na
---
2015/11/20 11:28:15 [error] [exception.CHttpException.404] exception 'CHttpException' with message 'Unable to resolve the request "register".' in C:\xampp\htdocs\yii\framework\web\CWebApplication.php:286
Stack trace:
#0 C:\xampp\htdocs\yii\framework\web\CWebApplication.php(141): CWebApplication->runController('')
#1 C:\xampp\htdocs\yii\framework\base\CApplication.php(184): CWebApplication->processRequest()
#2 C:\xampp\htdocs\rockstar\index.php(13): CApplication->run()
#3 {main}
REQUEST_URI=/rockstar/
---
2015/11/20 11:35:29 [error] [exception.CHttpException.404] exception 'CHttpException' with message 'The system is unable to find the requested action "captcha".' in C:\xampp\htdocs\yii\framework\web\CController.php:483
Stack trace:
#0 C:\xampp\htdocs\yii\framework\web\CController.php(270): CController->missingAction('captcha')
#1 C:\xampp\htdocs\yii\framework\web\CWebApplication.php(282): CController->run('captcha')
#2 C:\xampp\htdocs\yii\framework\web\CWebApplication.php(141): CWebApplication->runController('tblUser/captcha')
#3 C:\xampp\htdocs\yii\framework\base\CApplication.php(184): CWebApplication->processRequest()
#4 C:\xampp\htdocs\rockstar\index.php(13): CApplication->run()
#5 {main}
REQUEST_URI=/rockstar/index.php/tblUser/captcha?v=564ef7716f305
HTTP_REFERER=http://localhost/rockstar/
---
2015/11/20 11:35:36 [error] [exception.CHttpException.404] exception 'CHttpException' with message 'The system is unable to find the requested action "captcha".' in C:\xampp\htdocs\yii\framework\web\CController.php:483
Stack trace:
#0 C:\xampp\htdocs\yii\framework\web\CController.php(270): CController->missingAction('captcha')
#1 C:\xampp\htdocs\yii\framework\web\CWebApplication.php(282): CController->run('captcha')
#2 C:\xampp\htdocs\yii\framework\web\CWebApplication.php(141): CWebApplication->runController('tblUser/captcha')
#3 C:\xampp\htdocs\yii\framework\base\CApplication.php(184): CWebApplication->processRequest()
#4 C:\xampp\htdocs\rockstar\index.php(13): CApplication->run()
#5 {main}
REQUEST_URI=/rockstar/index.php/tblUser/captcha?refresh=1&_=1448015729639
HTTP_REFERER=http://localhost/rockstar/
---
2015/11/20 11:35:38 [error] [exception.CHttpException.404] exception 'CHttpException' with message 'The system is unable to find the requested action "captcha".' in C:\xampp\htdocs\yii\framework\web\CController.php:483
Stack trace:
#0 C:\xampp\htdocs\yii\framework\web\CController.php(270): CController->missingAction('captcha')
#1 C:\xampp\htdocs\yii\framework\web\CWebApplication.php(282): CController->run('captcha')
#2 C:\xampp\htdocs\yii\framework\web\CWebApplication.php(141): CWebApplication->runController('tblUser/captcha')
#3 C:\xampp\htdocs\yii\framework\base\CApplication.php(184): CWebApplication->processRequest()
#4 C:\xampp\htdocs\rockstar\index.php(13): CApplication->run()
#5 {main}
REQUEST_URI=/rockstar/index.php/tblUser/captcha?refresh=1&_=1448015729640
HTTP_REFERER=http://localhost/rockstar/
---
2015/11/20 11:35:39 [error] [exception.CHttpException.404] exception 'CHttpException' with message 'The system is unable to find the requested action "captcha".' in C:\xampp\htdocs\yii\framework\web\CController.php:483
Stack trace:
#0 C:\xampp\htdocs\yii\framework\web\CController.php(270): CController->missingAction('captcha')
#1 C:\xampp\htdocs\yii\framework\web\CWebApplication.php(282): CController->run('captcha')
#2 C:\xampp\htdocs\yii\framework\web\CWebApplication.php(141): CWebApplication->runController('tblUser/captcha')
#3 C:\xampp\htdocs\yii\framework\base\CApplication.php(184): CWebApplication->processRequest()
#4 C:\xampp\htdocs\rockstar\index.php(13): CApplication->run()
#5 {main}
REQUEST_URI=/rockstar/index.php/tblUser/captcha?refresh=1&_=1448015729641
HTTP_REFERER=http://localhost/rockstar/
---
2015/11/21 01:42:21 [error] [exception.CHttpException.404] exception 'CHttpException' with message 'Unable to resolve the request "tblUser".' in C:\xampp\htdocs\yii\framework\web\CWebApplication.php:286
Stack trace:
#0 C:\xampp\htdocs\yii\framework\web\CWebApplication.php(141): CWebApplication->runController('')
#1 C:\xampp\htdocs\yii\framework\base\CApplication.php(184): CWebApplication->processRequest()
#2 C:\xampp\htdocs\rockstar\index.php(13): CApplication->run()
#3 {main}
REQUEST_URI=/rockstar/
---
2015/11/21 01:59:35 [error] [exception.CHttpException.404] exception 'CHttpException' with message 'The system is unable to find the requested action "user".' in C:\xampp\htdocs\yii\framework\web\CController.php:483
Stack trace:
#0 C:\xampp\htdocs\yii\framework\web\CController.php(270): CController->missingAction('user')
#1 C:\xampp\htdocs\yii\framework\web\CWebApplication.php(282): CController->run('user')
#2 C:\xampp\htdocs\yii\framework\web\CWebApplication.php(141): CWebApplication->runController('site/user')
#3 C:\xampp\htdocs\yii\framework\base\CApplication.php(184): CWebApplication->processRequest()
#4 C:\xampp\htdocs\rockstar\index.php(13): CApplication->run()
#5 {main}
REQUEST_URI=/rockstar/index.php/site/user
---
2015/11/21 02:17:18 [error] [exception.CException] exception 'CException' with message 'Property "TransaksiRegistrasi.verifyCode" is not defined.' in C:\xampp\htdocs\yii\framework\base\CComponent.php:130
Stack trace:
#0 C:\xampp\htdocs\yii\framework\db\ar\CActiveRecord.php(145): CComponent->__get('verifyCode')
#1 C:\xampp\htdocs\yii\framework\web\helpers\CHtml.php(2729): CActiveRecord->__get('verifyCode')
#2 C:\xampp\htdocs\yii\framework\web\helpers\CHtml.php(2452): CHtml::resolveValue(Object(TransaksiRegistrasi), 'verifyCode')
#3 C:\xampp\htdocs\yii\framework\web\helpers\CHtml.php(1534): CHtml::activeInputField('text', Object(TransaksiRegistrasi), 'verifyCode', Array)
#4 C:\xampp\htdocs\rockstar\protected\views\transaksiRegistrasi\_form.php(134): CHtml::activeTextField(Object(TransaksiRegistrasi), 'verifyCode')
#5 C:\xampp\htdocs\yii\framework\web\CBaseController.php(126): require('C:\xampp\htdocs...')
#6 C:\xampp\htdocs\yii\framework\web\CBaseController.php(95): CBaseController->renderInternal('C:\xampp\htdocs...', Array, true)
#7 C:\xampp\htdocs\yii\framework\web\CController.php(869): CBaseController->renderFile('C:\xampp\htdocs...', Array, true)
#8 C:\xampp\htdocs\rockstar\protected\views\transaksiRegistrasi\create.php(18): CController->renderPartial('_form', Array)
#9 C:\xampp\htdocs\yii\framework\web\CBaseController.php(126): require('C:\xampp\htdocs...')
#10 C:\xampp\htdocs\yii\framework\web\CBaseController.php(95): CBaseController->renderInternal('C:\xampp\htdocs...', Array, true)
#11 C:\xampp\htdocs\yii\framework\web\CController.php(869): CBaseController->renderFile('C:\xampp\htdocs...', Array, true)
#12 C:\xampp\htdocs\yii\framework\web\CController.php(782): CController->renderPartial('create', Array, true)
#13 C:\xampp\htdocs\rockstar\protected\controllers\TransaksiRegistrasiController.php(89): CController->render('create', Array)
#14 C:\xampp\htdocs\yii\framework\web\actions\CInlineAction.php(49): TransaksiRegistrasiController->actionCreate()
#15 C:\xampp\htdocs\yii\framework\web\CController.php(308): CInlineAction->runWithParams(Array)
#16 C:\xampp\htdocs\yii\framework\web\filters\CFilterChain.php(133): CController->runAction(Object(CInlineAction))
#17 C:\xampp\htdocs\yii\framework\web\filters\CFilter.php(40): CFilterChain->run()
#18 C:\xampp\htdocs\yii\framework\web\CController.php(1145): CFilter->filter(Object(CFilterChain))
#19 C:\xampp\htdocs\yii\framework\web\filters\CInlineFilter.php(58): CController->filterAccessControl(Object(CFilterChain))
#20 C:\xampp\htdocs\yii\framework\web\filters\CFilterChain.php(130): CInlineFilter->filter(Object(CFilterChain))
#21 C:\xampp\htdocs\yii\framework\web\CController.php(291): CFilterChain->run()
#22 C:\xampp\htdocs\yii\framework\web\CController.php(265): CController->runActionWithFilters(Object(CInlineAction), Array)
#23 C:\xampp\htdocs\yii\framework\web\CWebApplication.php(282): CController->run('create')
#24 C:\xampp\htdocs\yii\framework\web\CWebApplication.php(141): CWebApplication->runController('transaksiRegist...')
#25 C:\xampp\htdocs\yii\framework\base\CApplication.php(184): CWebApplication->processRequest()
#26 C:\xampp\htdocs\rockstar\index.php(13): CApplication->run()
#27 {main}
REQUEST_URI=/rockstar/index.php/transaksiRegistrasi/create
HTTP_REFERER=http://localhost/rockstar/index.php/transaksiRegistrasi
---
2015/11/21 02:17:40 [error] [php] Use of undefined constant php - assumed 'php' (C:\xampp\htdocs\rockstar\protected\views\transaksiRegistrasi\_form.php:134)
Stack trace:
#0 C:\xampp\htdocs\yii\framework\web\CController.php(869): TransaksiRegistrasiController->renderFile()
#1 C:\xampp\htdocs\rockstar\protected\views\transaksiRegistrasi\create.php(18): TransaksiRegistrasiController->renderPartial()
#2 C:\xampp\htdocs\yii\framework\web\CBaseController.php(126): require()
#3 C:\xampp\htdocs\yii\framework\web\CBaseController.php(95): TransaksiRegistrasiController->renderInternal()
#4 C:\xampp\htdocs\yii\framework\web\CController.php(869): TransaksiRegistrasiController->renderFile()
#5 C:\xampp\htdocs\yii\framework\web\CController.php(782): TransaksiRegistrasiController->renderPartial()
#6 C:\xampp\htdocs\rockstar\protected\controllers\TransaksiRegistrasiController.php(89): TransaksiRegistrasiController->render()
#7 C:\xampp\htdocs\yii\framework\web\actions\CInlineAction.php(49): TransaksiRegistrasiController->actionCreate()
#8 C:\xampp\htdocs\yii\framework\web\CController.php(308): CInlineAction->runWithParams()
#9 C:\xampp\htdocs\yii\framework\web\filters\CFilterChain.php(133): TransaksiRegistrasiController->runAction()
#10 C:\xampp\htdocs\yii\framework\web\filters\CFilter.php(40): CFilterChain->run()
#11 C:\xampp\htdocs\yii\framework\web\CController.php(1145): CAccessControlFilter->filter()
#12 C:\xampp\htdocs\yii\framework\web\filters\CInlineFilter.php(58): TransaksiRegistrasiController->filterAccessControl()
#13 C:\xampp\htdocs\yii\framework\web\filters\CFilterChain.php(130): CInlineFilter->filter()
#14 C:\xampp\htdocs\yii\framework\web\CController.php(291): CFilterChain->run()
#15 C:\xampp\htdocs\yii\framework\web\CController.php(265): TransaksiRegistrasiController->runActionWithFilters()
#16 C:\xampp\htdocs\yii\framework\web\CWebApplication.php(282): TransaksiRegistrasiController->run()
#17 C:\xampp\htdocs\yii\framework\web\CWebApplication.php(141): CWebApplication->runController()
#18 C:\xampp\htdocs\yii\framework\base\CApplication.php(184): CWebApplication->processRequest()
#19 C:\xampp\htdocs\rockstar\index.php(13): CWebApplication->run()
REQUEST_URI=/rockstar/index.php/transaksiRegistrasi/create
in C:\xampp\htdocs\rockstar\protected\views\transaksiRegistrasi\_form.php (134)
in C:\xampp\htdocs\rockstar\protected\views\transaksiRegistrasi\create.php (18)
in C:\xampp\htdocs\rockstar\protected\controllers\TransaksiRegistrasiController.php (89)
2015/11/21 02:17:46 [error] [php] Use of undefined constant php - assumed 'php' (C:\xampp\htdocs\rockstar\protected\views\transaksiRegistrasi\_form.php:134)
Stack trace:
#0 C:\xampp\htdocs\yii\framework\web\CController.php(869): TransaksiRegistrasiController->renderFile()
#1 C:\xampp\htdocs\rockstar\protected\views\transaksiRegistrasi\create.php(18): TransaksiRegistrasiController->renderPartial()
#2 C:\xampp\htdocs\yii\framework\web\CBaseController.php(126): require()
#3 C:\xampp\htdocs\yii\framework\web\CBaseController.php(95): TransaksiRegistrasiController->renderInternal()
#4 C:\xampp\htdocs\yii\framework\web\CController.php(869): TransaksiRegistrasiController->renderFile()
#5 C:\xampp\htdocs\yii\framework\web\CController.php(782): TransaksiRegistrasiController->renderPartial()
#6 C:\xampp\htdocs\rockstar\protected\controllers\TransaksiRegistrasiController.php(89): TransaksiRegistrasiController->render()
#7 C:\xampp\htdocs\yii\framework\web\actions\CInlineAction.php(49): TransaksiRegistrasiController->actionCreate()
#8 C:\xampp\htdocs\yii\framework\web\CController.php(308): CInlineAction->runWithParams()
#9 C:\xampp\htdocs\yii\framework\web\filters\CFilterChain.php(133): TransaksiRegistrasiController->runAction()
#10 C:\xampp\htdocs\yii\framework\web\filters\CFilter.php(40): CFilterChain->run()
#11 C:\xampp\htdocs\yii\framework\web\CController.php(1145): CAccessControlFilter->filter()
#12 C:\xampp\htdocs\yii\framework\web\filters\CInlineFilter.php(58): TransaksiRegistrasiController->filterAccessControl()
#13 C:\xampp\htdocs\yii\framework\web\filters\CFilterChain.php(130): CInlineFilter->filter()
#14 C:\xampp\htdocs\yii\framework\web\CController.php(291): CFilterChain->run()
#15 C:\xampp\htdocs\yii\framework\web\CController.php(265): TransaksiRegistrasiController->runActionWithFilters()
#16 C:\xampp\htdocs\yii\framework\web\CWebApplication.php(282): TransaksiRegistrasiController->run()
#17 C:\xampp\htdocs\yii\framework\web\CWebApplication.php(141): CWebApplication->runController()
#18 C:\xampp\htdocs\yii\framework\base\CApplication.php(184): CWebApplication->processRequest()
#19 C:\xampp\htdocs\rockstar\index.php(13): CWebApplication->run()
REQUEST_URI=/rockstar/index.php/transaksiRegistrasi/create
in C:\xampp\htdocs\rockstar\protected\views\transaksiRegistrasi\_form.php (134)
in C:\xampp\htdocs\rockstar\protected\views\transaksiRegistrasi\create.php (18)
in C:\xampp\htdocs\rockstar\protected\controllers\TransaksiRegistrasiController.php (89)
2015/11/21 02:17:54 [error] [php] Use of undefined constant php - assumed 'php' (C:\xampp\htdocs\rockstar\protected\views\transaksiRegistrasi\_form.php:134)
Stack trace:
#0 C:\xampp\htdocs\yii\framework\web\CController.php(869): TransaksiRegistrasiController->renderFile()
#1 C:\xampp\htdocs\rockstar\protected\views\transaksiRegistrasi\create.php(18): TransaksiRegistrasiController->renderPartial()
#2 C:\xampp\htdocs\yii\framework\web\CBaseController.php(126): require()
#3 C:\xampp\htdocs\yii\framework\web\CBaseController.php(95): TransaksiRegistrasiController->renderInternal()
#4 C:\xampp\htdocs\yii\framework\web\CController.php(869): TransaksiRegistrasiController->renderFile()
#5 C:\xampp\htdocs\yii\framework\web\CController.php(782): TransaksiRegistrasiController->renderPartial()
#6 C:\xampp\htdocs\rockstar\protected\controllers\TransaksiRegistrasiController.php(89): TransaksiRegistrasiController->render()
#7 C:\xampp\htdocs\yii\framework\web\actions\CInlineAction.php(49): TransaksiRegistrasiController->actionCreate()
#8 C:\xampp\htdocs\yii\framework\web\CController.php(308): CInlineAction->runWithParams()
#9 C:\xampp\htdocs\yii\framework\web\filters\CFilterChain.php(133): TransaksiRegistrasiController->runAction()
#10 C:\xampp\htdocs\yii\framework\web\filters\CFilter.php(40): CFilterChain->run()
#11 C:\xampp\htdocs\yii\framework\web\CController.php(1145): CAccessControlFilter->filter()
#12 C:\xampp\htdocs\yii\framework\web\filters\CInlineFilter.php(58): TransaksiRegistrasiController->filterAccessControl()
#13 C:\xampp\htdocs\yii\framework\web\filters\CFilterChain.php(130): CInlineFilter->filter()
#14 C:\xampp\htdocs\yii\framework\web\CController.php(291): CFilterChain->run()
#15 C:\xampp\htdocs\yii\framework\web\CController.php(265): TransaksiRegistrasiController->runActionWithFilters()
#16 C:\xampp\htdocs\yii\framework\web\CWebApplication.php(282): TransaksiRegistrasiController->run()
#17 C:\xampp\htdocs\yii\framework\web\CWebApplication.php(141): CWebApplication->runController()
#18 C:\xampp\htdocs\yii\framework\base\CApplication.php(184): CWebApplication->processRequest()
#19 C:\xampp\htdocs\rockstar\index.php(13): CWebApplication->run()
REQUEST_URI=/rockstar/index.php/transaksiRegistrasi/create
in C:\xampp\htdocs\rockstar\protected\views\transaksiRegistrasi\_form.php (134)
in C:\xampp\htdocs\rockstar\protected\views\transaksiRegistrasi\create.php (18)
in C:\xampp\htdocs\rockstar\protected\controllers\TransaksiRegistrasiController.php (89)
2015/11/21 02:18:12 [error] [exception.CHttpException.404] exception 'CHttpException' with message 'The system is unable to find the requested action "captcha".' in C:\xampp\htdocs\yii\framework\web\CController.php:483
Stack trace:
#0 C:\xampp\htdocs\yii\framework\web\CController.php(270): CController->missingAction('captcha')
#1 C:\xampp\htdocs\yii\framework\web\CWebApplication.php(282): CController->run('captcha')
#2 C:\xampp\htdocs\yii\framework\web\CWebApplication.php(141): CWebApplication->runController('transaksiRegist...')
#3 C:\xampp\htdocs\yii\framework\base\CApplication.php(184): CWebApplication->processRequest()
#4 C:\xampp\htdocs\rockstar\index.php(13): CApplication->run()
#5 {main}
REQUEST_URI=/rockstar/index.php/transaksiRegistrasi/captcha?v=564fc653ebb8f
HTTP_REFERER=http://localhost/rockstar/index.php/transaksiRegistrasi/create
---
2015/11/21 02:20:00 [error] [exception.CException] exception 'CException' with message 'Property "TransaksiRegistrasi.verifyCode" is not defined.' in C:\xampp\htdocs\yii\framework\base\CComponent.php:130
Stack trace:
#0 C:\xampp\htdocs\yii\framework\db\ar\CActiveRecord.php(145): CComponent->__get('verifyCode')
#1 C:\xampp\htdocs\yii\framework\web\helpers\CHtml.php(2729): CActiveRecord->__get('verifyCode')
#2 C:\xampp\htdocs\yii\framework\web\helpers\CHtml.php(2452): CHtml::resolveValue(Object(TransaksiRegistrasi), 'verifyCode')
#3 C:\xampp\htdocs\yii\framework\web\helpers\CHtml.php(1534): CHtml::activeInputField('text', Object(TransaksiRegistrasi), 'verifyCode', Array)
#4 C:\xampp\htdocs\rockstar\protected\views\transaksiRegistrasi\_form.php(134): CHtml::activeTextField(Object(TransaksiRegistrasi), 'verifyCode')
#5 C:\xampp\htdocs\yii\framework\web\CBaseController.php(126): require('C:\xampp\htdocs...')
#6 C:\xampp\htdocs\yii\framework\web\CBaseController.php(95): CBaseController->renderInternal('C:\xampp\htdocs...', Array, true)
#7 C:\xampp\htdocs\yii\framework\web\CController.php(869): CBaseController->renderFile('C:\xampp\htdocs...', Array, true)
#8 C:\xampp\htdocs\rockstar\protected\views\transaksiRegistrasi\create.php(18): CController->renderPartial('_form', Array)
#9 C:\xampp\htdocs\yii\framework\web\CBaseController.php(126): require('C:\xampp\htdocs...')
#10 C:\xampp\htdocs\yii\framework\web\CBaseController.php(95): CBaseController->renderInternal('C:\xampp\htdocs...', Array, true)
#11 C:\xampp\htdocs\yii\framework\web\CController.php(869): CBaseController->renderFile('C:\xampp\htdocs...', Array, true)
#12 C:\xampp\htdocs\yii\framework\web\CController.php(782): CController->renderPartial('create', Array, true)
#13 C:\xampp\htdocs\rockstar\protected\controllers\TransaksiRegistrasiController.php(95): CController->render('create', Array)
#14 C:\xampp\htdocs\yii\framework\web\actions\CInlineAction.php(49): TransaksiRegistrasiController->actionCreate()
#15 C:\xampp\htdocs\yii\framework\web\CController.php(308): CInlineAction->runWithParams(Array)
#16 C:\xampp\htdocs\yii\framework\web\filters\CFilterChain.php(133): CController->runAction(Object(CInlineAction))
#17 C:\xampp\htdocs\yii\framework\web\filters\CFilter.php(40): CFilterChain->run()
#18 C:\xampp\htdocs\yii\framework\web\CController.php(1145): CFilter->filter(Object(CFilterChain))
#19 C:\xampp\htdocs\yii\framework\web\filters\CInlineFilter.php(58): CController->filterAccessControl(Object(CFilterChain))
#20 C:\xampp\htdocs\yii\framework\web\filters\CFilterChain.php(130): CInlineFilter->filter(Object(CFilterChain))
#21 C:\xampp\htdocs\yii\framework\web\CController.php(291): CFilterChain->run()
#22 C:\xampp\htdocs\yii\framework\web\CController.php(265): CController->runActionWithFilters(Object(CInlineAction), Array)
#23 C:\xampp\htdocs\yii\framework\web\CWebApplication.php(282): CController->run('create')
#24 C:\xampp\htdocs\yii\framework\web\CWebApplication.php(141): CWebApplication->runController('transaksiRegist...')
#25 C:\xampp\htdocs\yii\framework\base\CApplication.php(184): CWebApplication->processRequest()
#26 C:\xampp\htdocs\rockstar\index.php(13): CApplication->run()
#27 {main}
REQUEST_URI=/rockstar/index.php/transaksiRegistrasi/create
HTTP_REFERER=http://localhost/rockstar/index.php/transaksiRegistrasi
---
2015/11/21 02:21:52 [error] [exception.CException] exception 'CException' with message 'Property "TransaksiRegistrasi.verifyCode" is not defined.' in C:\xampp\htdocs\yii\framework\base\CComponent.php:130
Stack trace:
#0 C:\xampp\htdocs\yii\framework\db\ar\CActiveRecord.php(145): CComponent->__get('verifyCode')
#1 C:\xampp\htdocs\yii\framework\web\helpers\CHtml.php(2729): CActiveRecord->__get('verifyCode')
#2 C:\xampp\htdocs\yii\framework\web\helpers\CHtml.php(2452): CHtml::resolveValue(Object(TransaksiRegistrasi), 'verifyCode')
#3 C:\xampp\htdocs\yii\framework\web\helpers\CHtml.php(1534): CHtml::activeInputField('text', Object(TransaksiRegistrasi), 'verifyCode', Array)
#4 C:\xampp\htdocs\rockstar\protected\views\transaksiRegistrasi\_form.php(134): CHtml::activeTextField(Object(TransaksiRegistrasi), 'verifyCode')
#5 C:\xampp\htdocs\yii\framework\web\CBaseController.php(126): require('C:\xampp\htdocs...')
#6 C:\xampp\htdocs\yii\framework\web\CBaseController.php(95): CBaseController->renderInternal('C:\xampp\htdocs...', Array, true)
#7 C:\xampp\htdocs\yii\framework\web\CController.php(869): CBaseController->renderFile('C:\xampp\htdocs...', Array, true)
#8 C:\xampp\htdocs\rockstar\protected\views\transaksiRegistrasi\create.php(18): CController->renderPartial('_form', Array)
#9 C:\xampp\htdocs\yii\framework\web\CBaseController.php(126): require('C:\xampp\htdocs...')
#10 C:\xampp\htdocs\yii\framework\web\CBaseController.php(95): CBaseController->renderInternal('C:\xampp\htdocs...', Array, true)
#11 C:\xampp\htdocs\yii\framework\web\CController.php(869): CBaseController->renderFile('C:\xampp\htdocs...', Array, true)
#12 C:\xampp\htdocs\yii\framework\web\CController.php(782): CController->renderPartial('create', Array, true)
#13 C:\xampp\htdocs\rockstar\protected\controllers\TransaksiRegistrasiController.php(95): CController->render('create', Array)
#14 C:\xampp\htdocs\yii\framework\web\actions\CInlineAction.php(49): TransaksiRegistrasiController->actionCreate()
#15 C:\xampp\htdocs\yii\framework\web\CController.php(308): CInlineAction->runWithParams(Array)
#16 C:\xampp\htdocs\yii\framework\web\filters\CFilterChain.php(133): CController->runAction(Object(CInlineAction))
#17 C:\xampp\htdocs\yii\framework\web\filters\CFilter.php(40): CFilterChain->run()
#18 C:\xampp\htdocs\yii\framework\web\CController.php(1145): CFilter->filter(Object(CFilterChain))
#19 C:\xampp\htdocs\yii\framework\web\filters\CInlineFilter.php(58): CController->filterAccessControl(Object(CFilterChain))
#20 C:\xampp\htdocs\yii\framework\web\filters\CFilterChain.php(130): CInlineFilter->filter(Object(CFilterChain))
#21 C:\xampp\htdocs\yii\framework\web\CController.php(291): CFilterChain->run()
#22 C:\xampp\htdocs\yii\framework\web\CController.php(265): CController->runActionWithFilters(Object(CInlineAction), Array)
#23 C:\xampp\htdocs\yii\framework\web\CWebApplication.php(282): CController->run('create')
#24 C:\xampp\htdocs\yii\framework\web\CWebApplication.php(141): CWebApplication->runController('transaksiRegist...')
#25 C:\xampp\htdocs\yii\framework\base\CApplication.php(184): CWebApplication->processRequest()
#26 C:\xampp\htdocs\rockstar\index.php(13): CApplication->run()
#27 {main}
REQUEST_URI=/rockstar/index.php/transaksiRegistrasi/create
HTTP_REFERER=http://localhost/rockstar/index.php/transaksiRegistrasi
---
2015/11/21 02:23:25 [warning] [application] Failed to set unsafe attribute "NO_SAKTI" of "TransaksiRegistrasi".
in C:\xampp\htdocs\rockstar\protected\controllers\TransaksiRegistrasiController.php (88)
in C:\xampp\htdocs\rockstar\index.php (13)
2015/11/21 02:23:58 [warning] [application] Failed to set unsafe attribute "NO_SAKTI" of "TransaksiRegistrasi".
in C:\xampp\htdocs\rockstar\protected\controllers\TransaksiRegistrasiController.php (88)
in C:\xampp\htdocs\rockstar\index.php (13)
2015/11/21 02:30:09 [error] [exception.CException] exception 'CException' with message 'Property "TransaksiRegistrasi.username" is not defined.' in C:\xampp\htdocs\yii\framework\base\CComponent.php:130
Stack trace:
#0 C:\xampp\htdocs\yii\framework\db\ar\CActiveRecord.php(145): CComponent->__get('username')
#1 C:\xampp\htdocs\yii\framework\web\helpers\CHtml.php(2729): CActiveRecord->__get('username')
#2 C:\xampp\htdocs\yii\framework\web\helpers\CHtml.php(2452): CHtml::resolveValue(Object(TransaksiRegistrasi), 'username')
#3 C:\xampp\htdocs\yii\framework\web\helpers\CHtml.php(1534): CHtml::activeInputField('text', Object(TransaksiRegistrasi), 'username', Array)
#4 C:\xampp\htdocs\yii\framework\web\widgets\CActiveForm.php(792): CHtml::activeTextField(Object(TransaksiRegistrasi), 'username', Array)
#5 C:\xampp\htdocs\rockstar\protected\views\transaksiRegistrasi\_form.php(102): CActiveForm->textField(Object(TransaksiRegistrasi), 'username', Array)
#6 C:\xampp\htdocs\yii\framework\web\CBaseController.php(126): require('C:\xampp\htdocs...')
#7 C:\xampp\htdocs\yii\framework\web\CBaseController.php(95): CBaseController->renderInternal('C:\xampp\htdocs...', Array, true)
#8 C:\xampp\htdocs\yii\framework\web\CController.php(869): CBaseController->renderFile('C:\xampp\htdocs...', Array, true)
#9 C:\xampp\htdocs\rockstar\protected\views\transaksiRegistrasi\create.php(18): CController->renderPartial('_form', Array)
#10 C:\xampp\htdocs\yii\framework\web\CBaseController.php(126): require('C:\xampp\htdocs...')
#11 C:\xampp\htdocs\yii\framework\web\CBaseController.php(95): CBaseController->renderInternal('C:\xampp\htdocs...', Array, true)
#12 C:\xampp\htdocs\yii\framework\web\CController.php(869): CBaseController->renderFile('C:\xampp\htdocs...', Array, true)
#13 C:\xampp\htdocs\yii\framework\web\CController.php(782): CController->renderPartial('create', Array, true)
#14 C:\xampp\htdocs\rockstar\protected\controllers\TransaksiRegistrasiController.php(95): CController->render('create', Array)
#15 C:\xampp\htdocs\yii\framework\web\actions\CInlineAction.php(49): TransaksiRegistrasiController->actionCreate()
#16 C:\xampp\htdocs\yii\framework\web\CController.php(308): CInlineAction->runWithParams(Array)
#17 C:\xampp\htdocs\yii\framework\web\filters\CFilterChain.php(133): CController->runAction(Object(CInlineAction))
#18 C:\xampp\htdocs\yii\framework\web\filters\CFilter.php(40): CFilterChain->run()
#19 C:\xampp\htdocs\yii\framework\web\CController.php(1145): CFilter->filter(Object(CFilterChain))
#20 C:\xampp\htdocs\yii\framework\web\filters\CInlineFilter.php(58): CController->filterAccessControl(Object(CFilterChain))
#21 C:\xampp\htdocs\yii\framework\web\filters\CFilterChain.php(130): CInlineFilter->filter(Object(CFilterChain))
#22 C:\xampp\htdocs\yii\framework\web\CController.php(291): CFilterChain->run()
#23 C:\xampp\htdocs\yii\framework\web\CController.php(265): CController->runActionWithFilters(Object(CInlineAction), Array)
#24 C:\xampp\htdocs\yii\framework\web\CWebApplication.php(282): CController->run('create')
#25 C:\xampp\htdocs\yii\framework\web\CWebApplication.php(141): CWebApplication->runController('transaksiRegist...')
#26 C:\xampp\htdocs\yii\framework\base\CApplication.php(184): CWebApplication->processRequest()
#27 C:\xampp\htdocs\rockstar\index.php(13): CApplication->run()
#28 {main}
REQUEST_URI=/rockstar/index.php/transaksiRegistrasi/create
HTTP_REFERER=http://localhost/rockstar/index.php/transaksiRegistrasi/create
---
2015/11/21 02:31:02 [error] [php] Undefined index: User (C:\xampp\htdocs\rockstar\protected\controllers\TransaksiRegistrasiController.php:88)
Stack trace:
#0 C:\xampp\htdocs\yii\framework\web\filters\CFilterChain.php(133): TransaksiRegistrasiController->runAction()
#1 C:\xampp\htdocs\yii\framework\web\filters\CFilter.php(40): CFilterChain->run()
#2 C:\xampp\htdocs\yii\framework\web\CController.php(1145): CAccessControlFilter->filter()
#3 C:\xampp\htdocs\yii\framework\web\filters\CInlineFilter.php(58): TransaksiRegistrasiController->filterAccessControl()
#4 C:\xampp\htdocs\yii\framework\web\filters\CFilterChain.php(130): CInlineFilter->filter()
#5 C:\xampp\htdocs\yii\framework\web\CController.php(291): CFilterChain->run()
#6 C:\xampp\htdocs\yii\framework\web\CController.php(265): TransaksiRegistrasiController->runActionWithFilters()
#7 C:\xampp\htdocs\yii\framework\web\CWebApplication.php(282): TransaksiRegistrasiController->run()
#8 C:\xampp\htdocs\yii\framework\web\CWebApplication.php(141): CWebApplication->runController()
#9 C:\xampp\htdocs\yii\framework\base\CApplication.php(184): CWebApplication->processRequest()
#10 C:\xampp\htdocs\rockstar\index.php(13): CWebApplication->run()
REQUEST_URI=/rockstar/index.php/transaksiRegistrasi/create
in C:\xampp\htdocs\rockstar\protected\controllers\TransaksiRegistrasiController.php (88)
in C:\xampp\htdocs\rockstar\index.php (13)
2015/11/21 02:31:31 [error] [php] Undefined index: User (C:\xampp\htdocs\rockstar\protected\controllers\TransaksiRegistrasiController.php:89)
Stack trace:
#0 C:\xampp\htdocs\yii\framework\web\filters\CFilterChain.php(133): TransaksiRegistrasiController->runAction()
#1 C:\xampp\htdocs\yii\framework\web\filters\CFilter.php(40): CFilterChain->run()
#2 C:\xampp\htdocs\yii\framework\web\CController.php(1145): CAccessControlFilter->filter()
#3 C:\xampp\htdocs\yii\framework\web\filters\CInlineFilter.php(58): TransaksiRegistrasiController->filterAccessControl()
#4 C:\xampp\htdocs\yii\framework\web\filters\CFilterChain.php(130): CInlineFilter->filter()
#5 C:\xampp\htdocs\yii\framework\web\CController.php(291): CFilterChain->run()
#6 C:\xampp\htdocs\yii\framework\web\CController.php(265): TransaksiRegistrasiController->runActionWithFilters()
#7 C:\xampp\htdocs\yii\framework\web\CWebApplication.php(282): TransaksiRegistrasiController->run()
#8 C:\xampp\htdocs\yii\framework\web\CWebApplication.php(141): CWebApplication->runController()
#9 C:\xampp\htdocs\yii\framework\base\CApplication.php(184): CWebApplication->processRequest()
#10 C:\xampp\htdocs\rockstar\index.php(13): CWebApplication->run()
REQUEST_URI=/rockstar/index.php/transaksiRegistrasi/create
in C:\xampp\htdocs\rockstar\protected\controllers\TransaksiRegistrasiController.php (89)
in C:\xampp\htdocs\rockstar\index.php (13)
2015/11/21 02:35:21 [error] [exception.CException] exception 'CException' with message 'Property "TransaksiRegistrasi.username" is not defined.' in C:\xampp\htdocs\yii\framework\base\CComponent.php:130
Stack trace:
#0 C:\xampp\htdocs\yii\framework\db\ar\CActiveRecord.php(145): CComponent->__get('username')
#1 C:\xampp\htdocs\yii\framework\web\helpers\CHtml.php(2729): CActiveRecord->__get('username')
#2 C:\xampp\htdocs\yii\framework\web\helpers\CHtml.php(2452): CHtml::resolveValue(Object(TransaksiRegistrasi), 'username')
#3 C:\xampp\htdocs\yii\framework\web\helpers\CHtml.php(1534): CHtml::activeInputField('text', Object(TransaksiRegistrasi), 'username', Array)
#4 C:\xampp\htdocs\yii\framework\web\widgets\CActiveForm.php(792): CHtml::activeTextField(Object(TransaksiRegistrasi), 'username', Array)
#5 C:\xampp\htdocs\rockstar\protected\views\transaksiRegistrasi\_form.php(102): CActiveForm->textField(Object(TransaksiRegistrasi), 'username', Array)
#6 C:\xampp\htdocs\yii\framework\web\CBaseController.php(126): require('C:\xampp\htdocs...')
#7 C:\xampp\htdocs\yii\framework\web\CBaseController.php(95): CBaseController->renderInternal('C:\xampp\htdocs...', Array, true)
#8 C:\xampp\htdocs\yii\framework\web\CController.php(869): CBaseController->renderFile('C:\xampp\htdocs...', Array, true)
#9 C:\xampp\htdocs\rockstar\protected\views\transaksiRegistrasi\create.php(18): CController->renderPartial('_form', Array)
#10 C:\xampp\htdocs\yii\framework\web\CBaseController.php(126): require('C:\xampp\htdocs...')
#11 C:\xampp\htdocs\yii\framework\web\CBaseController.php(95): CBaseController->renderInternal('C:\xampp\htdocs...', Array, true)
#12 C:\xampp\htdocs\yii\framework\web\CController.php(869): CBaseController->renderFile('C:\xampp\htdocs...', Array, true)
#13 C:\xampp\htdocs\yii\framework\web\CController.php(782): CController->renderPartial('create', Array, true)
#14 C:\xampp\htdocs\rockstar\protected\controllers\TransaksiRegistrasiController.php(94): CController->render('create', Array)
#15 C:\xampp\htdocs\yii\framework\web\actions\CInlineAction.php(49): TransaksiRegistrasiController->actionCreate()
#16 C:\xampp\htdocs\yii\framework\web\CController.php(308): CInlineAction->runWithParams(Array)
#17 C:\xampp\htdocs\yii\framework\web\filters\CFilterChain.php(133): CController->runAction(Object(CInlineAction))
#18 C:\xampp\htdocs\yii\framework\web\filters\CFilter.php(40): CFilterChain->run()
#19 C:\xampp\htdocs\yii\framework\web\CController.php(1145): CFilter->filter(Object(CFilterChain))
#20 C:\xampp\htdocs\yii\framework\web\filters\CInlineFilter.php(58): CController->filterAccessControl(Object(CFilterChain))
#21 C:\xampp\htdocs\yii\framework\web\filters\CFilterChain.php(130): CInlineFilter->filter(Object(CFilterChain))
#22 C:\xampp\htdocs\yii\framework\web\CController.php(291): CFilterChain->run()
#23 C:\xampp\htdocs\yii\framework\web\CController.php(265): CController->runActionWithFilters(Object(CInlineAction), Array)
#24 C:\xampp\htdocs\yii\framework\web\CWebApplication.php(282): CController->run('create')
#25 C:\xampp\htdocs\yii\framework\web\CWebApplication.php(141): CWebApplication->runController('transaksiRegist...')
#26 C:\xampp\htdocs\yii\framework\base\CApplication.php(184): CWebApplication->processRequest()
#27 C:\xampp\htdocs\rockstar\index.php(13): CApplication->run()
#28 {main}
REQUEST_URI=/rockstar/index.php/transaksiRegistrasi/create
HTTP_REFERER=http://localhost/rockstar/index.php/transaksiRegistrasi/create
---
